<?xml version="1.0" encoding="UTF-8"?>
<!-- Generated by org.testng.reporters.JUnitReportReporter -->
<testsuite name="com.cigna.testcases.TC001" tests="1" time="26.866" ignored="0" failures="0" timestamp="15 May 2021 02:11:24 GMT" skipped="0" hostname="Lenovo-PC" errors="0">
  <testcase name="tc001" time="26.866" classname="com.cigna.testcases.TC001"/>
</testsuite> <!-- com.cigna.testcases.TC001 -->
